<?xml version="1.0" encoding="UTF-8"?>
<!-- Generated by org.testng.reporters.JUnitReportReporter -->
<testsuite skipped="0" hostname="nuvz-354" name="script.Wl_ValidLogin" tests="1" failures="0" timestamp="15 Dec 2017 05:56:01 GMT" time="167.800" errors="0">
  <testcase name="testValidLogin" time="167.800" classname="script.Wl_ValidLogin"/>
</testsuite> <!-- script.Wl_ValidLogin -->
